# JRE version: Java(TM) SE Runtime Environment (8.0_171-b11) (build 1.8.0_171-b11)
# Java VM: Java HotSpot(TM) 64-Bit Server VM (25.171-b11 mixed mode windows-amd64 compressed oops)
Heap:
 PSYoungGen      total 112640K, used 1859K [0x00000000d5f80000, 0x00000000dd980000, 0x0000000100000000)
  eden space 101376K, 1% used [0x00000000d5f80000,0x00000000d6150c08,0x00000000dc280000)
  from space 11264K, 0% used [0x00000000dc280000,0x00000000dc280000,0x00000000dcd80000)
  to   space 11776K, 0% used [0x00000000dce00000,0x00000000dce00000,0x00000000dd980000)
 ParOldGen       total 59392K, used 11764K [0x0000000081e00000, 0x0000000085800000, 0x00000000d5f80000)
  object space 59392K, 19% used [0x0000000081e00000,0x000000008297d060,0x0000000085800000)
 Metaspace       used 28260K, capacity 30192K, committed 30336K, reserved 1075200K
  class space    used 3803K, capacity 4174K, committed 4224K, reserved 1048576K
GC Heap History (10 events):
Event: 4.812 GC heap before
{Heap before GC invocations=6 (full 1):
 PSYoungGen      total 71680K, used 66560K [0x00000000d5f80000, 0x00000000daa80000, 0x0000000100000000)
  eden space 66560K, 100% used [0x00000000d5f80000,0x00000000da080000,0x00000000da080000)
  from space 5120K, 0% used [0x00000000da580000,0x00000000da580000,0x00000000daa80000)
  to   space 5120K, 0% used [0x00000000da080000,0x00000000da080000,0x00000000da580000)
 ParOldGen       total 59392K, used 7367K [0x0000000081e00000, 0x0000000085800000, 0x00000000d5f80000)
  object space 59392K, 12% used [0x0000000081e00000,0x0000000082531c70,0x0000000085800000)
 Metaspace       used 27287K, capacity 29034K, committed 29184K, reserved 1075200K
  class space    used 3637K, capacity 3984K, committed 4096K, reserved 1048576K
Event: 4.822 GC heap after
Heap after GC invocations=6 (full 1):
 PSYoungGen      total 71680K, used 5108K [0x00000000d5f80000, 0x00000000dd880000, 0x0000000100000000)
  eden space 66560K, 0% used [0x00000000d5f80000,0x00000000d5f80000,0x00000000da080000)
  from space 5120K, 99% used [0x00000000da080000,0x00000000da57d040,0x00000000da580000)
  to   space 11264K, 0% used [0x00000000dcd80000,0x00000000dcd80000,0x00000000dd880000)
 ParOldGen       total 59392K, used 13227K [0x0000000081e00000, 0x0000000085800000, 0x00000000d5f80000)
  object space 59392K, 22% used [0x0000000081e00000,0x0000000082aeac28,0x0000000085800000)
 Metaspace       used 27287K, capacity 29034K, committed 29184K, reserved 1075200K
  class space    used 3637K, capacity 3984K, committed 4096K, reserved 1048576K
}
Event: 102.506 GC heap before
{Heap before GC invocations=7 (full 1):
 PSYoungGen      total 71680K, used 34967K [0x00000000d5f80000, 0x00000000dd880000, 0x0000000100000000)
  eden space 66560K, 44% used [0x00000000d5f80000,0x00000000d7ca8c10,0x00000000da080000)
  from space 5120K, 99% used [0x00000000da080000,0x00000000da57d040,0x00000000da580000)
  to   space 11264K, 0% used [0x00000000dcd80000,0x00000000dcd80000,0x00000000dd880000)
 ParOldGen       total 59392K, used 13227K [0x0000000081e00000, 0x0000000085800000, 0x00000000d5f80000)
  object space 59392K, 22% used [0x0000000081e00000,0x0000000082aeac28,0x0000000085800000)
 Metaspace       used 28050K, capacity 29840K, committed 30080K, reserved 1075200K
  class space    used 3756K, capacity 4110K, committed 4224K, reserved 1048576K
Event: 102.514 GC heap after
Heap after GC invocations=7 (full 1):
 PSYoungGen      total 112640K, used 5366K [0x00000000d5f80000, 0x00000000dd880000, 0x0000000100000000)
  eden space 101376K, 0% used [0x00000000d5f80000,0x00000000d5f80000,0x00000000dc280000)
  from space 11264K, 47% used [0x00000000dcd80000,0x00000000dd2bd9a0,0x00000000dd880000)
  to   space 11264K, 0% used [0x00000000dc280000,0x00000000dc280000,0x00000000dcd80000)
 ParOldGen       total 59392K, used 13235K [0x0000000081e00000, 0x0000000085800000, 0x00000000d5f80000)
  object space 59392K, 22% used [0x0000000081e00000,0x0000000082aecc28,0x0000000085800000)
 Metaspace       used 28050K, capacity 29840K, committed 30080K, reserved 1075200K
  class space    used 3756K, capacity 4110K, committed 4224K, reserved 1048576K
}
Event: 102.514 GC heap before
{Heap before GC invocations=8 (full 2):
 PSYoungGen      total 112640K, used 5366K [0x00000000d5f80000, 0x00000000dd880000, 0x0000000100000000)
  eden space 101376K, 0% used [0x00000000d5f80000,0x00000000d5f80000,0x00000000dc280000)
  from space 11264K, 47% used [0x00000000dcd80000,0x00000000dd2bd9a0,0x00000000dd880000)
  to   space 11264K, 0% used [0x00000000dc280000,0x00000000dc280000,0x00000000dcd80000)
 ParOldGen       total 59392K, used 13235K [0x0000000081e00000, 0x0000000085800000, 0x00000000d5f80000)
  object space 59392K, 22% used [0x0000000081e00000,0x0000000082aecc28,0x0000000085800000)
 Metaspace       used 28050K, capacity 29840K, committed 30080K, reserved 1075200K
  class space    used 3756K, capacity 4110K, committed 4224K, reserved 1048576K
Event: 102.584 GC heap after
Heap after GC invocations=8 (full 2):
 PSYoungGen      total 112640K, used 0K [0x00000000d5f80000, 0x00000000dd880000, 0x0000000100000000)
  eden space 101376K, 0% used [0x00000000d5f80000,0x00000000d5f80000,0x00000000dc280000)
  from space 11264K, 0% used [0x00000000dcd80000,0x00000000dcd80000,0x00000000dd880000)
  to   space 11264K, 0% used [0x00000000dc280000,0x00000000dc280000,0x00000000dcd80000)
 ParOldGen       total 59392K, used 10489K [0x0000000081e00000, 0x0000000085800000, 0x00000000d5f80000)
  object space 59392K, 17% used [0x0000000081e00000,0x000000008283e408,0x0000000085800000)
 Metaspace       used 28050K, capacity 29840K, committed 30080K, reserved 1075200K
  class space    used 3756K, capacity 4110K, committed 4224K, reserved 1048576K
}
Event: 112.248 GC heap before
{Heap before GC invocations=9 (full 2):
 PSYoungGen      total 112640K, used 90797K [0x00000000d5f80000, 0x00000000dd880000, 0x0000000100000000)
  eden space 101376K, 89% used [0x00000000d5f80000,0x00000000db82b730,0x00000000dc280000)
  from space 11264K, 0% used [0x00000000dcd80000,0x00000000dcd80000,0x00000000dd880000)
  to   space 11264K, 0% used [0x00000000dc280000,0x00000000dc280000,0x00000000dcd80000)
 ParOldGen       total 59392K, used 10489K [0x0000000081e00000, 0x0000000085800000, 0x00000000d5f80000)
  object space 59392K, 17% used [0x0000000081e00000,0x000000008283e408,0x0000000085800000)
 Metaspace       used 28265K, capacity 30204K, committed 30336K, reserved 1075200K
  class space    used 3804K, capacity 4178K, committed 4224K, reserved 1048576K
Event: 112.253 GC heap after
Heap after GC invocations=9 (full 2):
 PSYoungGen      total 112640K, used 3280K [0x00000000d5f80000, 0x00000000dd980000, 0x0000000100000000)
  eden space 101376K, 0% used [0x00000000d5f80000,0x00000000d5f80000,0x00000000dc280000)
  from space 11264K, 29% used [0x00000000dc280000,0x00000000dc5b4358,0x00000000dcd80000)
  to   space 11776K, 0% used [0x00000000dce00000,0x00000000dce00000,0x00000000dd980000)
 ParOldGen       total 59392K, used 10497K [0x0000000081e00000, 0x0000000085800000, 0x00000000d5f80000)
  object space 59392K, 17% used [0x0000000081e00000,0x0000000082840408,0x0000000085800000)
 Metaspace       used 28265K, capacity 30204K, committed 30336K, reserved 1075200K
  class space    used 3804K, capacity 4178K, committed 4224K, reserved 1048576K
}
Event: 112.253 GC heap before
{Heap before GC invocations=10 (full 3):
 PSYoungGen      total 112640K, used 3280K [0x00000000d5f80000, 0x00000000dd980000, 0x0000000100000000)
  eden space 101376K, 0% used [0x00000000d5f80000,0x00000000d5f80000,0x00000000dc280000)
  from space 11264K, 29% used [0x00000000dc280000,0x00000000dc5b4358,0x00000000dcd80000)
  to   space 11776K, 0% used [0x00000000dce00000,0x00000000dce00000,0x00000000dd980000)
 ParOldGen       total 59392K, used 10497K [0x0000000081e00000, 0x0000000085800000, 0x00000000d5f80000)
  object space 59392K, 17% used [0x0000000081e00000,0x0000000082840408,0x0000000085800000)
 Metaspace       used 28265K, capacity 30204K, committed 30336K, reserved 1075200K
  class space    used 3804K, capacity 4178K, committed 4224K, reserved 1048576K
Event: 112.359 GC heap after
Heap after GC invocations=10 (full 3):
 PSYoungGen      total 112640K, used 0K [0x00000000d5f80000, 0x00000000dd980000, 0x0000000100000000)
  eden space 101376K, 0% used [0x00000000d5f80000,0x00000000d5f80000,0x00000000dc280000)
  from space 11264K, 0% used [0x00000000dc280000,0x00000000dc280000,0x00000000dcd80000)
  to   space 11776K, 0% used [0x00000000dce00000,0x00000000dce00000,0x00000000dd980000)
 ParOldGen       total 59392K, used 11764K [0x0000000081e00000, 0x0000000085800000, 0x00000000d5f80000)
  object space 59392K, 19% used [0x0000000081e00000,0x000000008297d060,0x0000000085800000)
 Metaspace       used 28260K, capacity 30192K, committed 30336K, reserved 1075200K
  class space    used 3803K, capacity 4174K, committed 4224K, reserved 1048576K
}

